<?xml version="1.0" encoding="UTF-8"?>
<testsuite xmlns:xsi="http://www.w3.org/2001/XMLSchema-instance"
           xsi:noNamespaceSchemaLocation="https://maven.apache.org/surefire/maven-surefire-plugin/xsd/surefire-test-report.xsd"
           name="com.tlm.could.product.server.mapper.ProductInfoMapperTest" time="0.248" tests="2" errors="0"
           skipped="0" failures="0">
    <properties>
[...]
</properties>
    <testcase name="getProductInfoListByIds" classname="com.tlm.could.product.server.mapper.ProductInfoMapperTest"
              time="0.025"/>
    <testcase name="contextLoads" classname="com.tlm.could.product.server.mapper.ProductInfoMapperTest" time="0"/>
</testsuite>
